TN:
SF:src\index.js
FNF:0
FNH:0
LF:0
LH:0
BRF:0
BRH:0
end_of_record
TN:
SF:src\components\Calendar.js
FN:45,(anonymous_0)
FN:101,(anonymous_1)
FN:106,(anonymous_2)
FN:114,(anonymous_3)
FN:139,(anonymous_4)
FN:148,(anonymous_5)
FN:157,(anonymous_6)
FN:196,(anonymous_7)
FN:200,(anonymous_8)
FN:211,(anonymous_9)
FN:223,(anonymous_10)
FN:234,(anonymous_11)
FN:246,(anonymous_12)
FN:258,(anonymous_13)
FN:259,(anonymous_14)
FNF:15
FNH:5
FNDA:17,(anonymous_0)
FNDA:0,(anonymous_1)
FNDA:0,(anonymous_2)
FNDA:1,(anonymous_3)
FNDA:0,(anonymous_4)
FNDA:550,(anonymous_5)
FNDA:17,(anonymous_6)
FNDA:0,(anonymous_7)
FNDA:0,(anonymous_8)
FNDA:0,(anonymous_9)
FNDA:0,(anonymous_10)
FNDA:0,(anonymous_11)
FNDA:0,(anonymous_12)
FNDA:16,(anonymous_13)
FNDA:0,(anonymous_14)
DA:45,1
DA:90,17
DA:91,1
DA:92,0
DA:96,17
DA:97,17
DA:98,17
DA:99,17
DA:101,17
DA:102,0
DA:105,17
DA:107,0
DA:108,0
DA:113,17
DA:115,1
DA:116,0
DA:117,0
DA:118,0
DA:119,0
DA:120,0
DA:122,0
DA:123,0
DA:126,0
DA:127,0
DA:130,1
DA:131,1
DA:133,1
DA:138,17
DA:140,0
DA:141,0
DA:147,17
DA:149,550
DA:150,546
DA:151,546
DA:152,546
DA:157,17
DA:158,17
DA:160,0
DA:174,15
DA:197,0
DA:198,0
DA:201,0
DA:202,0
DA:207,1
DA:212,0
DA:213,0
DA:214,0
DA:224,0
DA:225,0
DA:230,1
DA:235,0
DA:236,0
DA:237,0
DA:247,0
DA:248,0
DA:253,0
DA:257,17
DA:259,16
DA:260,0
DA:261,0
DA:266,17
DA:290,1
DA:348,1
LF:63
LH:30
BRDA:46,0,0,0
BRDA:49,1,0,0
BRDA:67,2,0,0
BRDA:68,3,0,0
BRDA:72,4,0,0
BRDA:73,5,0,0
BRDA:74,6,0,0
BRDA:75,7,0,0
BRDA:76,8,0,0
BRDA:77,9,0,0
BRDA:78,10,0,0
BRDA:79,11,0,0
BRDA:80,12,0,0
BRDA:81,13,0,0
BRDA:82,14,0,0
BRDA:88,15,0,0
BRDA:90,16,0,1
BRDA:90,16,1,16
BRDA:90,17,0,17
BRDA:90,17,1,16
BRDA:91,18,0,0
BRDA:91,18,1,1
BRDA:91,19,0,1
BRDA:91,19,1,0
BRDA:97,20,0,17
BRDA:97,20,1,17
BRDA:115,21,0,0
BRDA:115,21,1,1
BRDA:116,22,0,0
BRDA:116,22,1,0
BRDA:116,23,0,0
BRDA:116,23,1,0
BRDA:118,24,0,0
BRDA:118,24,1,0
BRDA:140,25,0,0
BRDA:140,25,1,0
BRDA:140,26,0,0
BRDA:140,26,1,0
BRDA:140,26,2,0
BRDA:141,27,0,0
BRDA:141,27,1,0
BRDA:149,28,0,0
BRDA:149,28,1,546
BRDA:150,29,0,0
BRDA:150,29,1,546
BRDA:150,30,0,546
BRDA:150,30,1,0
BRDA:151,31,0,0
BRDA:151,31,1,546
BRDA:151,32,0,546
BRDA:151,32,1,0
BRDA:158,33,0,0
BRDA:158,33,1,15
BRDA:158,33,2,1
BRDA:158,33,3,1
BRDA:158,33,4,0
BRDA:268,34,0,17
BRDA:268,34,1,17
BRF:58
BRH:19
end_of_record
TN:
SF:src\components\Day.js
FN:3,(anonymous_0)
FNF:1
FNH:1
FNDA:546,(anonymous_0)
DA:3,1
DA:4,546
LF:2
LH:2
BRDA:5,0,0,0
BRDA:5,0,1,546
BRF:2
BRH:1
end_of_record
TN:
SF:src\components\DayView.js
FN:3,(anonymous_0)
FN:24,(anonymous_1)
FN:26,(anonymous_2)
FN:104,(anonymous_3)
FN:105,(anonymous_4)
FNF:5
FNH:0
FNDA:0,(anonymous_0)
FNDA:0,(anonymous_1)
FNDA:0,(anonymous_2)
FNDA:0,(anonymous_3)
FNDA:0,(anonymous_4)
DA:3,1
DA:22,0
DA:23,0
DA:24,0
DA:26,0
DA:27,0
DA:33,0
DA:34,0
DA:35,0
DA:36,0
DA:37,0
DA:38,0
DA:42,0
DA:43,0
DA:44,0
DA:45,0
DA:46,0
DA:47,0
DA:51,0
DA:52,0
DA:53,0
DA:54,0
DA:58,0
DA:63,0
DA:64,0
DA:71,0
DA:77,0
DA:78,0
DA:81,0
DA:84,0
DA:101,0
DA:104,0
DA:105,0
LF:33
LH:1
BRDA:10,0,0,0
BRDA:11,1,0,0
BRDA:12,2,0,0
BRDA:13,3,0,0
BRDA:16,4,0,0
BRDA:19,5,0,0
BRDA:29,6,0,0
BRDA:29,6,1,0
BRDA:33,7,0,0
BRDA:33,7,1,0
BRDA:35,8,0,0
BRDA:35,8,1,0
BRDA:37,9,0,0
BRDA:37,9,1,0
BRDA:42,10,0,0
BRDA:42,10,1,0
BRDA:44,11,0,0
BRDA:44,11,1,0
BRDA:46,12,0,0
BRDA:46,12,1,0
BRDA:51,13,0,0
BRDA:51,13,1,0
BRDA:58,14,0,0
BRDA:58,14,1,0
BRDA:65,15,0,0
BRDA:65,15,1,0
BRDA:77,16,0,0
BRDA:77,16,1,0
BRDA:84,17,0,0
BRDA:84,17,1,0
BRDA:90,18,0,0
BRDA:90,18,1,0
BRDA:90,18,2,0
BRDA:91,19,0,0
BRDA:91,19,1,0
BRDA:92,20,0,0
BRDA:92,20,1,0
BRDA:95,21,0,0
BRDA:95,21,1,0
BRDA:102,22,0,0
BRDA:102,22,1,0
BRDA:104,23,0,0
BRDA:104,23,1,0
BRDA:104,24,0,0
BRDA:104,24,1,0
BRDA:105,25,0,0
BRDA:105,25,1,0
BRDA:107,26,0,0
BRDA:107,26,1,0
BRDA:107,27,0,0
BRDA:107,27,1,0
BRDA:113,28,0,0
BRDA:113,28,1,0
BRF:53
BRH:0
end_of_record
TN:
SF:src\components\DecadeView.js
FN:22,(anonymous_0)
FN:37,(anonymous_1)
FN:43,(anonymous_2)
FN:54,(anonymous_3)
FN:65,(anonymous_4)
FN:66,(anonymous_5)
FN:67,(anonymous_6)
FNF:7
FNH:3
FNDA:1,(anonymous_0)
FNDA:10,(anonymous_1)
FNDA:0,(anonymous_2)
FNDA:8,(anonymous_3)
FNDA:0,(anonymous_4)
FNDA:0,(anonymous_5)
FNDA:0,(anonymous_6)
DA:22,1
DA:36,1
DA:37,10
DA:42,1
DA:44,0
DA:45,0
DA:46,0
DA:47,0
DA:54,1
DA:55,8
DA:56,8
DA:57,8
DA:58,8
DA:59,8
DA:61,8
DA:65,0
DA:66,0
DA:67,0
DA:82,1
DA:91,1
LF:20
LH:13
BRDA:34,0,0,1
BRDA:44,1,0,0
BRDA:44,1,1,0
BRDA:44,2,0,0
BRDA:44,2,1,0
BRDA:46,3,0,0
BRDA:46,3,1,0
BRDA:57,4,0,0
BRDA:57,4,1,8
BRDA:58,5,0,8
BRDA:58,5,1,0
BRDA:59,6,0,8
BRDA:59,6,1,8
BRDA:65,7,0,0
BRDA:65,7,1,0
BRDA:66,8,0,0
BRDA:66,8,1,0
BRDA:69,9,0,0
BRDA:69,9,1,8
BRDA:70,10,0,0
BRDA:70,10,1,8
BRDA:70,11,0,8
BRDA:70,11,1,8
BRDA:72,12,0,0
BRDA:72,12,1,8
BRDA:73,13,0,0
BRDA:73,13,1,8
BRDA:76,14,0,0
BRDA:76,14,1,8
BRF:29
BRH:12
end_of_record
TN:
SF:src\components\Header.js
FN:21,(anonymous_0)
FN:57,(anonymous_1)
FN:74,(anonymous_2)
FN:84,(anonymous_3)
FN:85,(anonymous_4)
FN:91,(anonymous_5)
FN:94,(anonymous_6)
FN:120,(anonymous_7)
FN:126,(anonymous_8)
FN:129,(anonymous_9)
FN:141,(anonymous_10)
FN:144,(anonymous_11)
FN:151,(anonymous_12)
FN:157,(anonymous_13)
FNF:14
FNH:4
FNDA:16,(anonymous_0)
FNDA:0,(anonymous_1)
FNDA:0,(anonymous_2)
FNDA:14,(anonymous_3)
FNDA:0,(anonymous_4)
FNDA:14,(anonymous_5)
FNDA:16,(anonymous_6)
FNDA:0,(anonymous_7)
FNDA:0,(anonymous_8)
FNDA:0,(anonymous_9)
FNDA:0,(anonymous_10)
FNDA:0,(anonymous_11)
FNDA:0,(anonymous_12)
FNDA:0,(anonymous_13)
DA:21,1
DA:54,16
DA:56,16
DA:58,0
DA:59,0
DA:60,0
DA:61,0
DA:62,0
DA:63,0
DA:64,0
DA:65,0
DA:66,0
DA:68,0
DA:73,16
DA:75,0
DA:76,0
DA:77,0
DA:78,0
DA:79,0
DA:84,16
DA:85,14
DA:86,0
DA:87,0
DA:90,14
DA:91,14
DA:94,16
DA:95,16
DA:96,0
DA:97,16
DA:98,14
DA:99,0
DA:100,0
DA:101,0
DA:105,14
DA:106,2
DA:107,1
DA:108,1
DA:109,1
DA:110,1
DA:112,0
DA:115,16
DA:120,0
DA:126,0
DA:129,0
DA:142,0
DA:143,0
DA:144,0
DA:151,0
DA:157,0
DA:167,1
LF:50
LH:20
BRDA:27,0,0,0
BRDA:28,1,0,16
BRDA:33,2,0,16
BRDA:38,3,0,16
BRDA:44,4,0,16
BRDA:59,5,0,0
BRDA:59,5,1,0
BRDA:61,6,0,0
BRDA:61,6,1,0
BRDA:62,7,0,0
BRDA:62,7,1,0
BRDA:63,8,0,0
BRDA:63,8,1,0
BRDA:65,9,0,0
BRDA:65,9,1,0
BRDA:86,10,0,0
BRDA:86,10,1,0
BRDA:95,11,0,0
BRDA:95,11,1,16
BRDA:96,12,0,0
BRDA:96,12,1,0
BRDA:97,13,0,14
BRDA:97,13,1,2
BRDA:98,14,0,0
BRDA:98,14,1,14
BRDA:101,15,0,0
BRDA:101,15,1,0
BRDA:102,16,0,0
BRDA:102,16,1,0
BRDA:105,17,0,0
BRDA:105,17,1,14
BRDA:106,18,0,1
BRDA:106,18,1,1
BRDA:107,19,0,0
BRDA:107,19,1,1
BRDA:108,20,0,1
BRDA:108,20,1,0
BRDA:117,21,0,16
BRDA:117,21,1,2
BRDA:117,21,2,1
BRDA:117,21,3,16
BRDA:121,22,0,16
BRDA:121,22,1,0
BRDA:126,23,0,16
BRDA:126,23,1,0
BRDA:131,24,0,16
BRDA:131,24,1,15
BRDA:139,25,0,16
BRDA:139,25,1,0
BRDA:151,26,0,16
BRDA:151,26,1,0
BRDA:154,27,0,16
BRDA:154,27,1,2
BRDA:154,27,2,1
BRDA:154,27,3,16
BRDA:158,28,0,16
BRDA:158,28,1,0
BRF:57
BRH:28
end_of_record
TN:
SF:src\components\MonthView.js
FN:5,(anonymous_0)
FN:37,(anonymous_1)
FN:49,(anonymous_2)
FN:59,(anonymous_3)
FN:68,(anonymous_4)
FN:73,(anonymous_5)
FN:84,(anonymous_6)
FN:93,(anonymous_7)
FN:97,(anonymous_8)
FN:114,(anonymous_9)
FN:133,(anonymous_10)
FN:155,(anonymous_11)
FN:159,(anonymous_12)
FN:166,(anonymous_13)
FN:174,(anonymous_14)
FN:179,(anonymous_15)
FN:180,(anonymous_16)
FN:181,(anonymous_17)
FN:182,(anonymous_18)
FN:183,(anonymous_19)
FN:184,(anonymous_20)
FNF:21
FNH:8
FNDA:17,(anonymous_0)
FNDA:0,(anonymous_1)
FNDA:0,(anonymous_2)
FNDA:0,(anonymous_3)
FNDA:0,(anonymous_4)
FNDA:0,(anonymous_5)
FNDA:0,(anonymous_6)
FNDA:0,(anonymous_7)
FNDA:119,(anonymous_8)
FNDA:17,(anonymous_9)
FNDA:119,(anonymous_10)
FNDA:6,(anonymous_11)
FNDA:0,(anonymous_12)
FNDA:550,(anonymous_13)
FNDA:42,(anonymous_14)
FNDA:1,(anonymous_15)
FNDA:0,(anonymous_16)
FNDA:0,(anonymous_17)
FNDA:0,(anonymous_18)
FNDA:0,(anonymous_19)
FNDA:0,(anonymous_20)
DA:5,1
DA:34,17
DA:36,17
DA:38,0
DA:39,0
DA:40,0
DA:41,0
DA:48,17
DA:50,0
DA:51,0
DA:52,0
DA:58,17
DA:60,0
DA:61,0
DA:62,0
DA:68,17
DA:69,0
DA:72,17
DA:74,0
DA:75,0
DA:76,0
DA:77,0
DA:83,17
DA:85,0
DA:86,0
DA:87,0
DA:93,17
DA:94,0
DA:97,17
DA:98,119
DA:99,119
DA:100,0
DA:102,119
DA:103,0
DA:104,119
DA:105,119
DA:108,0
DA:109,0
DA:111,0
DA:114,17
DA:115,17
DA:116,17
DA:117,17
DA:124,17
DA:126,17
DA:127,17
DA:129,17
DA:134,119
DA:156,6
DA:160,0
DA:167,550
DA:168,550
DA:169,550
DA:170,550
DA:171,546
DA:172,546
DA:173,546
DA:174,546
DA:176,546
DA:179,1
DA:180,0
DA:181,0
DA:182,0
DA:183,0
DA:184,0
DA:222,17
LF:66
LH:36
BRDA:18,0,0,17
BRDA:27,1,0,17
BRDA:28,2,0,0
BRDA:31,3,0,0
BRDA:38,4,0,0
BRDA:38,4,1,0
BRDA:38,5,0,0
BRDA:38,5,1,0
BRDA:40,6,0,0
BRDA:40,6,1,0
BRDA:50,7,0,0
BRDA:50,7,1,0
BRDA:60,8,0,0
BRDA:60,8,1,0
BRDA:75,9,0,0
BRDA:75,9,1,0
BRDA:86,10,0,0
BRDA:86,10,1,0
BRDA:99,11,0,0
BRDA:99,11,1,119
BRDA:102,12,0,0
BRDA:102,12,1,119
BRDA:104,13,0,119
BRDA:104,13,1,0
BRDA:105,14,0,0
BRDA:105,14,1,119
BRDA:108,15,0,0
BRDA:108,15,1,0
BRDA:114,16,0,0
BRDA:124,17,0,1
BRDA:124,17,1,16
BRDA:126,18,0,0
BRDA:126,18,1,17
BRDA:127,19,0,0
BRDA:127,19,1,17
BRDA:127,20,0,17
BRDA:127,20,1,0
BRDA:130,21,0,17
BRDA:130,21,1,17
BRDA:132,22,0,17
BRDA:132,22,1,1
BRDA:137,23,0,17
BRDA:137,23,1,102
BRDA:139,24,0,17
BRDA:139,24,1,85
BRDA:154,25,0,17
BRDA:154,25,1,1
BRDA:171,26,0,546
BRDA:171,26,1,0
BRDA:172,27,0,546
BRDA:172,27,1,0
BRDA:173,28,0,546
BRDA:173,28,1,0
BRDA:173,28,2,0
BRDA:173,28,3,0
BRDA:179,29,0,1
BRDA:179,29,1,1
BRDA:179,30,0,0
BRDA:179,30,1,1
BRDA:180,31,0,0
BRDA:180,31,1,0
BRDA:187,32,0,13
BRDA:187,32,1,533
BRDA:188,33,0,78
BRDA:188,33,1,468
BRDA:189,34,0,78
BRDA:189,34,1,468
BRDA:190,35,0,156
BRDA:190,35,1,390
BRDA:191,36,0,546
BRDA:191,36,1,546
BRDA:192,37,0,0
BRDA:192,37,1,546
BRDA:193,38,0,0
BRDA:193,38,1,546
BRDA:194,39,0,0
BRDA:194,39,1,546
BRDA:195,40,0,0
BRDA:195,40,1,546
BRDA:201,41,0,0
BRDA:201,41,1,546
BRDA:203,42,0,0
BRDA:203,42,1,546
BRDA:205,43,0,0
BRDA:205,43,1,546
BRDA:206,44,0,0
BRDA:206,44,1,0
BRDA:223,45,0,0
BRDA:223,45,1,17
BRDA:224,46,0,0
BRDA:224,46,1,17
BRF:91
BRH:46
end_of_record
TN:
SF:src\components\SimpleCalendar.js
FN:24,(anonymous_0)
FN:50,(anonymous_1)
FN:51,(anonymous_2)
FN:52,(anonymous_3)
FN:53,(anonymous_4)
FN:54,(anonymous_5)
FNF:6
FNH:0
FNDA:0,(anonymous_0)
FNDA:0,(anonymous_1)
FNDA:0,(anonymous_2)
FNDA:0,(anonymous_3)
FNDA:0,(anonymous_4)
FNDA:0,(anonymous_5)
DA:24,0
DA:35,0
DA:50,0
DA:51,0
DA:52,0
DA:53,0
DA:54,0
DA:59,0
LF:8
LH:0
BRDA:29,0,0,0
BRDA:30,1,0,0
BRDA:31,2,0,0
BRDA:32,3,0,0
BRDA:33,4,0,0
BRF:5
BRH:0
end_of_record
TN:
SF:src\components\YearView.js
FN:5,(anonymous_0)
FN:18,(anonymous_1)
FN:26,(anonymous_2)
FN:37,(anonymous_3)
FN:52,(anonymous_4)
FN:53,(anonymous_5)
FN:54,(anonymous_6)
FNF:7
FNH:3
FNDA:1,(anonymous_0)
FNDA:12,(anonymous_1)
FNDA:0,(anonymous_2)
FNDA:8,(anonymous_3)
FNDA:0,(anonymous_4)
FNDA:0,(anonymous_5)
FNDA:0,(anonymous_6)
DA:5,1
DA:17,1
DA:18,12
DA:20,1
DA:21,0
DA:22,0
DA:25,1
DA:27,0
DA:28,0
DA:29,0
DA:30,0
DA:37,1
DA:38,8
DA:39,8
DA:41,8
DA:42,8
DA:46,8
DA:48,8
DA:52,0
DA:53,0
DA:54,0
DA:67,1
LF:22
LH:13
BRDA:20,0,0,0
BRDA:20,0,1,1
BRDA:27,1,0,0
BRDA:27,1,1,0
BRDA:27,2,0,0
BRDA:27,2,1,0
BRDA:29,3,0,0
BRDA:29,3,1,0
BRDA:41,4,0,0
BRDA:41,4,1,8
BRDA:42,5,0,8
BRDA:42,5,1,0
BRDA:42,5,2,0
BRDA:46,6,0,8
BRDA:46,6,1,8
BRDA:52,7,0,0
BRDA:52,7,1,0
BRDA:53,8,0,0
BRDA:53,8,1,0
BRDA:56,9,0,0
BRDA:56,9,1,8
BRDA:56,10,0,0
BRDA:56,10,1,8
BRDA:58,11,0,0
BRDA:58,11,1,8
BRDA:61,12,0,0
BRDA:61,12,1,8
BRDA:68,13,0,1
BRDA:68,13,1,1
BRF:29
BRH:11
end_of_record
TN:
SF:src\utils\dateUtils.js
FN:2,(anonymous_0)
FN:23,(anonymous_1)
FN:41,(anonymous_2)
FN:54,(anonymous_3)
FN:68,(anonymous_4)
FN:83,(anonymous_5)
FN:98,(anonymous_6)
FN:106,(anonymous_7)
FN:114,(anonymous_8)
FNF:9
FNH:7
FNDA:18,(anonymous_0)
FNDA:2,(anonymous_1)
FNDA:0,(anonymous_2)
FNDA:1,(anonymous_3)
FNDA:62,(anonymous_4)
FNDA:18,(anonymous_5)
FNDA:2,(anonymous_6)
FNDA:0,(anonymous_7)
FNDA:1,(anonymous_8)
DA:3,18
DA:4,18
DA:5,18
DA:6,18
DA:7,18
DA:8,18
DA:9,18
DA:10,18
DA:11,18
DA:13,18
DA:14,756
DA:15,756
DA:20,18
DA:24,2
DA:25,2
DA:26,2
DA:27,2
DA:28,2
DA:29,2
DA:31,2
DA:32,61
DA:33,61
DA:34,12
DA:36,61
DA:38,2
DA:42,0
DA:43,0
DA:44,0
DA:45,0
DA:47,0
DA:48,0
DA:49,0
DA:51,0
DA:55,1
DA:56,1
DA:57,1
DA:58,1
DA:59,10
DA:61,1
DA:62,0
DA:63,0
DA:65,1
DA:69,62
DA:70,62
DA:71,62
DA:72,62
DA:73,62
DA:74,62
DA:75,62
DA:79,1
DA:83,1
DA:91,18
DA:92,18
DA:93,0
DA:95,18
DA:98,1
DA:99,2
DA:100,2
DA:101,0
DA:103,2
DA:106,1
DA:107,0
DA:108,0
DA:109,0
DA:111,0
DA:114,1
DA:115,1
DA:116,1
DA:117,0
DA:119,1
LF:70
LH:53
BRDA:2,0,0,0
BRDA:2,1,0,0
BRDA:2,2,0,0
BRDA:10,3,0,18
BRDA:10,3,1,0
BRDA:11,4,0,0
BRDA:11,4,1,18
BRDA:11,5,0,18
BRDA:11,5,1,0
BRDA:23,6,0,0
BRDA:33,7,0,12
BRDA:33,7,1,49
BRDA:41,8,0,0
BRDA:47,9,0,0
BRDA:47,9,1,0
BRDA:54,10,0,0
BRDA:61,11,0,0
BRDA:61,11,1,1
BRDA:85,12,0,1
BRDA:86,13,0,1
BRDA:87,14,0,1
BRDA:88,15,0,1
BRDA:89,16,0,18
BRDA:91,17,0,18
BRDA:91,17,1,18
BRDA:92,18,0,0
BRDA:92,18,1,18
BRDA:98,19,0,0
BRDA:98,20,0,2
BRDA:98,21,0,2
BRDA:99,22,0,2
BRDA:99,22,1,2
BRDA:100,23,0,0
BRDA:100,23,1,2
BRDA:106,24,0,0
BRDA:106,25,0,0
BRDA:106,26,0,0
BRDA:107,27,0,0
BRDA:107,27,1,0
BRDA:108,28,0,0
BRDA:108,28,1,0
BRDA:114,29,0,0
BRDA:114,30,0,0
BRDA:114,31,0,1
BRDA:115,32,0,1
BRDA:115,32,1,1
BRDA:116,33,0,0
BRDA:116,33,1,1
BRF:48
BRH:23
end_of_record
